<?xml version="1.0" encoding="UTF-8"?>
<!-- Generated by org.testng.reporters.JUnitReportReporter -->
<testsuite hostname="comp75" name="com.test.NewTest" tests="1" failures="0" timestamp="16 May 2017 10:05:13 GMT" time="3.945" errors="0">
  <testcase name="verifySearchButton" time="3.945" classname="com.test.NewTest"/>
</testsuite> <!-- com.test.NewTest -->
